# JRE version: OpenJDK Runtime Environment Temurin-21.0.8+9 (21.0.8+9) (build 21.0.8+9-LTS)
# Java VM: OpenJDK 64-Bit Server VM Temurin-21.0.8+9 (21.0.8+9-LTS, mixed mode, sharing, tiered, compressed oops, compressed class ptrs, parallel gc, windows-amd64)
GC Precious Log:
 CardTable entry size: 512
 CPUs: 16 total, 16 available
 Memory: 6005M
 Large Page Support: Disabled
 NUMA Support: Disabled
 Compressed Oops: Enabled (32-bit)
 Alignments: Space 512K, Generation 512K, Heap 2M
 Heap Min Capacity: 100M
 Heap Initial Capacity: 100M
 Heap Max Capacity: 2G
 Pre-touch: Disabled
 Parallel Workers: 13
Heap:
 PSYoungGen      total 9728K, used 3879K [0x00000000d5580000, 0x00000000d6100000, 0x0000000100000000)
  eden space 7680K, 33% used [0x00000000d5580000,0x00000000d5809ce8,0x00000000d5d00000)
  from space 2048K, 62% used [0x00000000d5e80000,0x00000000d5fc0000,0x00000000d6080000)
  to   space 1536K, 0% used [0x00000000d5d00000,0x00000000d5d00000,0x00000000d5e80000)
 ParOldGen       total 1118208K, used 1118184K [0x0000000080000000, 0x00000000c4400000, 0x00000000d5580000)
  object space 1118208K, 99% used [0x0000000080000000,0x00000000c43fa198,0x00000000c4400000)
 Metaspace       used 87042K, committed 88896K, reserved 1179648K
  class space    used 8727K, committed 9600K, reserved 1048576K
GC Heap History (20 events):
Event: 496.359 GC heap before
{Heap before GC invocations=2276 (full 5):
 PSYoungGen      total 4096K, used 3982K [0x00000000d5580000, 0x00000000d5b80000, 0x0000000100000000)
  eden space 3072K, 99% used [0x00000000d5580000,0x00000000d587fff8,0x00000000d5880000)
  from space 1024K, 88% used [0x00000000d5a80000,0x00000000d5b639e0,0x00000000d5b80000)
  to   space 1536K, 0% used [0x00000000d5880000,0x00000000d5880000,0x00000000d5a00000)
 ParOldGen       total 1106432K, used 1106111K [0x0000000080000000, 0x00000000c3880000, 0x00000000d5580000)
  object space 1106432K, 99% used [0x0000000080000000,0x00000000c382ffe0,0x00000000c3880000)
 Metaspace       used 87012K, committed 88896K, reserved 1179648K
  class space    used 8727K, committed 9600K, reserved 1048576K
}
Event: 496.364 GC heap after
{Heap after GC invocations=2276 (full 5):
 PSYoungGen      total 4608K, used 1357K [0x00000000d5580000, 0x00000000d5c80000, 0x0000000100000000)
  eden space 3072K, 0% used [0x00000000d5580000,0x00000000d5580000,0x00000000d5880000)
  from space 1536K, 88% used [0x00000000d5880000,0x00000000d59d37a0,0x00000000d5a00000)
  to   space 1536K, 0% used [0x00000000d5b00000,0x00000000d5b00000,0x00000000d5c80000)
 ParOldGen       total 1106944K, used 1106655K [0x0000000080000000, 0x00000000c3900000, 0x00000000d5580000)
  object space 1106944K, 99% used [0x0000000080000000,0x00000000c38b7d98,0x00000000c3900000)
 Metaspace       used 87012K, committed 88896K, reserved 1179648K
  class space    used 8727K, committed 9600K, reserved 1048576K
}
Event: 496.368 GC heap before
{Heap before GC invocations=2277 (full 5):
 PSYoungGen      total 4608K, used 4429K [0x00000000d5580000, 0x00000000d5c80000, 0x0000000100000000)
  eden space 3072K, 99% used [0x00000000d5580000,0x00000000d587ffe0,0x00000000d5880000)
  from space 1536K, 88% used [0x00000000d5880000,0x00000000d59d37a0,0x00000000d5a00000)
  to   space 1536K, 0% used [0x00000000d5b00000,0x00000000d5b00000,0x00000000d5c80000)
 ParOldGen       total 1106944K, used 1106655K [0x0000000080000000, 0x00000000c3900000, 0x00000000d5580000)
  object space 1106944K, 99% used [0x0000000080000000,0x00000000c38b7d98,0x00000000c3900000)
 Metaspace       used 87012K, committed 88896K, reserved 1179648K
  class space    used 8727K, committed 9600K, reserved 1048576K
}
Event: 496.373 GC heap after
{Heap after GC invocations=2277 (full 5):
 PSYoungGen      total 5632K, used 1160K [0x00000000d5580000, 0x00000000d5c80000, 0x0000000100000000)
  eden space 4096K, 0% used [0x00000000d5580000,0x00000000d5580000,0x00000000d5980000)
  from space 1536K, 75% used [0x00000000d5b00000,0x00000000d5c22228,0x00000000d5c80000)
  to   space 1536K, 0% used [0x00000000d5980000,0x00000000d5980000,0x00000000d5b00000)
 ParOldGen       total 1107968K, used 1107701K [0x0000000080000000, 0x00000000c3a00000, 0x00000000d5580000)
  object space 1107968K, 99% used [0x0000000080000000,0x00000000c39bd600,0x00000000c3a00000)
 Metaspace       used 87012K, committed 88896K, reserved 1179648K
  class space    used 8727K, committed 9600K, reserved 1048576K
}
Event: 496.378 GC heap before
{Heap before GC invocations=2278 (full 5):
 PSYoungGen      total 5632K, used 5256K [0x00000000d5580000, 0x00000000d5c80000, 0x0000000100000000)
  eden space 4096K, 100% used [0x00000000d5580000,0x00000000d5980000,0x00000000d5980000)
  from space 1536K, 75% used [0x00000000d5b00000,0x00000000d5c22228,0x00000000d5c80000)
  to   space 1536K, 0% used [0x00000000d5980000,0x00000000d5980000,0x00000000d5b00000)
 ParOldGen       total 1107968K, used 1107701K [0x0000000080000000, 0x00000000c3a00000, 0x00000000d5580000)
  object space 1107968K, 99% used [0x0000000080000000,0x00000000c39bd600,0x00000000c3a00000)
 Metaspace       used 87012K, committed 88896K, reserved 1179648K
  class space    used 8727K, committed 9600K, reserved 1048576K
}
Event: 496.383 GC heap after
{Heap after GC invocations=2278 (full 5):
 PSYoungGen      total 5632K, used 1509K [0x00000000d5580000, 0x00000000d6180000, 0x0000000100000000)
  eden space 4096K, 0% used [0x00000000d5580000,0x00000000d5580000,0x00000000d5980000)
  from space 1536K, 98% used [0x00000000d5980000,0x00000000d5af9590,0x00000000d5b00000)
  to   space 3584K, 0% used [0x00000000d5e00000,0x00000000d5e00000,0x00000000d6180000)
 ParOldGen       total 1109504K, used 1109017K [0x0000000080000000, 0x00000000c3b80000, 0x00000000d5580000)
  object space 1109504K, 99% used [0x0000000080000000,0x00000000c3b06548,0x00000000c3b80000)
 Metaspace       used 87012K, committed 88896K, reserved 1179648K
  class space    used 8727K, committed 9600K, reserved 1048576K
}
Event: 496.390 GC heap before
{Heap before GC invocations=2279 (full 5):
 PSYoungGen      total 5632K, used 5605K [0x00000000d5580000, 0x00000000d6180000, 0x0000000100000000)
  eden space 4096K, 100% used [0x00000000d5580000,0x00000000d5980000,0x00000000d5980000)
  from space 1536K, 98% used [0x00000000d5980000,0x00000000d5af9590,0x00000000d5b00000)
  to   space 3584K, 0% used [0x00000000d5e00000,0x00000000d5e00000,0x00000000d6180000)
 ParOldGen       total 1109504K, used 1109017K [0x0000000080000000, 0x00000000c3b80000, 0x00000000d5580000)
  object space 1109504K, 99% used [0x0000000080000000,0x00000000c3b06548,0x00000000c3b80000)
 Metaspace       used 87013K, committed 88896K, reserved 1179648K
  class space    used 8727K, committed 9600K, reserved 1048576K
}
Event: 496.397 GC heap after
{Heap after GC invocations=2279 (full 5):
 PSYoungGen      total 6656K, used 1455K [0x00000000d5580000, 0x00000000d5f80000, 0x0000000100000000)
  eden space 5120K, 0% used [0x00000000d5580000,0x00000000d5580000,0x00000000d5a80000)
  from space 1536K, 94% used [0x00000000d5e00000,0x00000000d5f6bda0,0x00000000d5f80000)
  to   space 2048K, 0% used [0x00000000d5b80000,0x00000000d5b80000,0x00000000d5d80000)
 ParOldGen       total 1110528K, used 1110509K [0x0000000080000000, 0x00000000c3c80000, 0x00000000d5580000)
  object space 1110528K, 99% used [0x0000000080000000,0x00000000c3c7b478,0x00000000c3c80000)
 Metaspace       used 87013K, committed 88896K, reserved 1179648K
  class space    used 8727K, committed 9600K, reserved 1048576K
}
Event: 496.404 GC heap before
{Heap before GC invocations=2280 (full 5):
 PSYoungGen      total 6656K, used 6575K [0x00000000d5580000, 0x00000000d5f80000, 0x0000000100000000)
  eden space 5120K, 100% used [0x00000000d5580000,0x00000000d5a80000,0x00000000d5a80000)
  from space 1536K, 94% used [0x00000000d5e00000,0x00000000d5f6bda0,0x00000000d5f80000)
  to   space 2048K, 0% used [0x00000000d5b80000,0x00000000d5b80000,0x00000000d5d80000)
 ParOldGen       total 1110528K, used 1110509K [0x0000000080000000, 0x00000000c3c80000, 0x00000000d5580000)
  object space 1110528K, 99% used [0x0000000080000000,0x00000000c3c7b478,0x00000000c3c80000)
 Metaspace       used 87016K, committed 88896K, reserved 1179648K
  class space    used 8727K, committed 9600K, reserved 1048576K
}
Event: 496.410 GC heap after
{Heap after GC invocations=2280 (full 5):
 PSYoungGen      total 7168K, used 1024K [0x00000000d5580000, 0x00000000d5e80000, 0x0000000100000000)
  eden space 6144K, 0% used [0x00000000d5580000,0x00000000d5580000,0x00000000d5b80000)
  from space 1024K, 100% used [0x00000000d5b80000,0x00000000d5c80000,0x00000000d5c80000)
  to   space 1536K, 0% used [0x00000000d5d00000,0x00000000d5d00000,0x00000000d5e80000)
 ParOldGen       total 1112064K, used 1111780K [0x0000000080000000, 0x00000000c3e00000, 0x00000000d5580000)
  object space 1112064K, 99% used [0x0000000080000000,0x00000000c3db91e0,0x00000000c3e00000)
 Metaspace       used 87016K, committed 88896K, reserved 1179648K
  class space    used 8727K, committed 9600K, reserved 1048576K
}
Event: 496.424 GC heap before
{Heap before GC invocations=2281 (full 5):
 PSYoungGen      total 7168K, used 7168K [0x00000000d5580000, 0x00000000d5e80000, 0x0000000100000000)
  eden space 6144K, 100% used [0x00000000d5580000,0x00000000d5b80000,0x00000000d5b80000)
  from space 1024K, 100% used [0x00000000d5b80000,0x00000000d5c80000,0x00000000d5c80000)
  to   space 1536K, 0% used [0x00000000d5d00000,0x00000000d5d00000,0x00000000d5e80000)
 ParOldGen       total 1112064K, used 1111780K [0x0000000080000000, 0x00000000c3e00000, 0x00000000d5580000)
  object space 1112064K, 99% used [0x0000000080000000,0x00000000c3db91e0,0x00000000c3e00000)
 Metaspace       used 87016K, committed 88896K, reserved 1179648K
  class space    used 8727K, committed 9600K, reserved 1048576K
}
Event: 497.430 GC heap after
{Heap after GC invocations=2281 (full 5):
 PSYoungGen      total 7168K, used 1470K [0x00000000d5580000, 0x00000000d6100000, 0x0000000100000000)
  eden space 5632K, 0% used [0x00000000d5580000,0x00000000d5580000,0x00000000d5b00000)
  from space 1536K, 95% used [0x00000000d5d00000,0x00000000d5e6fb30,0x00000000d5e80000)
  to   space 2048K, 0% used [0x00000000d5b00000,0x00000000d5b00000,0x00000000d5d00000)
 ParOldGen       total 1112576K, used 1112544K [0x0000000080000000, 0x00000000c3e80000, 0x00000000d5580000)
  object space 1112576K, 99% used [0x0000000080000000,0x00000000c3e78230,0x00000000c3e80000)
 Metaspace       used 87016K, committed 88896K, reserved 1179648K
  class space    used 8727K, committed 9600K, reserved 1048576K
}
Event: 497.442 GC heap before
{Heap before GC invocations=2282 (full 5):
 PSYoungGen      total 7168K, used 7102K [0x00000000d5580000, 0x00000000d6100000, 0x0000000100000000)
  eden space 5632K, 100% used [0x00000000d5580000,0x00000000d5b00000,0x00000000d5b00000)
  from space 1536K, 95% used [0x00000000d5d00000,0x00000000d5e6fb30,0x00000000d5e80000)
  to   space 2048K, 0% used [0x00000000d5b00000,0x00000000d5b00000,0x00000000d5d00000)
 ParOldGen       total 1112576K, used 1112544K [0x0000000080000000, 0x00000000c3e80000, 0x00000000d5580000)
  object space 1112576K, 99% used [0x0000000080000000,0x00000000c3e78230,0x00000000c3e80000)
 Metaspace       used 87017K, committed 88896K, reserved 1179648K
  class space    used 8727K, committed 9600K, reserved 1048576K
}
Event: 497.450 GC heap after
{Heap after GC invocations=2282 (full 5):
 PSYoungGen      total 7680K, used 1535K [0x00000000d5580000, 0x00000000d6080000, 0x0000000100000000)
  eden space 5632K, 0% used [0x00000000d5580000,0x00000000d5580000,0x00000000d5b00000)
  from space 2048K, 74% used [0x00000000d5b00000,0x00000000d5c7fe48,0x00000000d5d00000)
  to   space 2048K, 0% used [0x00000000d5e80000,0x00000000d5e80000,0x00000000d6080000)
 ParOldGen       total 1114112K, used 1113790K [0x0000000080000000, 0x00000000c4000000, 0x00000000d5580000)
  object space 1114112K, 99% used [0x0000000080000000,0x00000000c3faf888,0x00000000c4000000)
 Metaspace       used 87017K, committed 88896K, reserved 1179648K
  class space    used 8727K, committed 9600K, reserved 1048576K
}
Event: 497.466 GC heap before
{Heap before GC invocations=2283 (full 5):
 PSYoungGen      total 7680K, used 7167K [0x00000000d5580000, 0x00000000d6080000, 0x0000000100000000)
  eden space 5632K, 100% used [0x00000000d5580000,0x00000000d5b00000,0x00000000d5b00000)
  from space 2048K, 74% used [0x00000000d5b00000,0x00000000d5c7fe48,0x00000000d5d00000)
  to   space 2048K, 0% used [0x00000000d5e80000,0x00000000d5e80000,0x00000000d6080000)
 ParOldGen       total 1114112K, used 1113790K [0x0000000080000000, 0x00000000c4000000, 0x00000000d5580000)
  object space 1114112K, 99% used [0x0000000080000000,0x00000000c3faf888,0x00000000c4000000)
 Metaspace       used 87017K, committed 88896K, reserved 1179648K
  class space    used 8727K, committed 9600K, reserved 1048576K
}
Event: 498.475 GC heap after
{Heap after GC invocations=2283 (full 5):
 PSYoungGen      total 9216K, used 1910K [0x00000000d5580000, 0x00000000d6080000, 0x0000000100000000)
  eden space 7168K, 0% used [0x00000000d5580000,0x00000000d5580000,0x00000000d5c80000)
  from space 2048K, 93% used [0x00000000d5e80000,0x00000000d605da48,0x00000000d6080000)
  to   space 2048K, 0% used [0x00000000d5c80000,0x00000000d5c80000,0x00000000d5e80000)
 ParOldGen       total 1115136K, used 1115128K [0x0000000080000000, 0x00000000c4100000, 0x00000000d5580000)
  object space 1115136K, 99% used [0x0000000080000000,0x00000000c40fe0a0,0x00000000c4100000)
 Metaspace       used 87017K, committed 88896K, reserved 1179648K
  class space    used 8727K, committed 9600K, reserved 1048576K
}
Event: 498.502 GC heap before
{Heap before GC invocations=2284 (full 5):
 PSYoungGen      total 9216K, used 9078K [0x00000000d5580000, 0x00000000d6080000, 0x0000000100000000)
  eden space 7168K, 100% used [0x00000000d5580000,0x00000000d5c80000,0x00000000d5c80000)
  from space 2048K, 93% used [0x00000000d5e80000,0x00000000d605da48,0x00000000d6080000)
  to   space 2048K, 0% used [0x00000000d5c80000,0x00000000d5c80000,0x00000000d5e80000)
 ParOldGen       total 1115136K, used 1115128K [0x0000000080000000, 0x00000000c4100000, 0x00000000d5580000)
  object space 1115136K, 99% used [0x0000000080000000,0x00000000c40fe0a0,0x00000000c4100000)
 Metaspace       used 87031K, committed 88896K, reserved 1179648K
  class space    used 8727K, committed 9600K, reserved 1048576K
}
Event: 500.523 GC heap after
{Heap after GC invocations=2284 (full 5):
 PSYoungGen      total 9216K, used 1524K [0x00000000d5580000, 0x00000000d6080000, 0x0000000100000000)
  eden space 7168K, 0% used [0x00000000d5580000,0x00000000d5580000,0x00000000d5c80000)
  from space 2048K, 74% used [0x00000000d5c80000,0x00000000d5dfd200,0x00000000d5e80000)
  to   space 2048K, 0% used [0x00000000d5e80000,0x00000000d5e80000,0x00000000d6080000)
 ParOldGen       total 1117184K, used 1116855K [0x0000000080000000, 0x00000000c4300000, 0x00000000d5580000)
  object space 1117184K, 99% used [0x0000000080000000,0x00000000c42ade30,0x00000000c4300000)
 Metaspace       used 87031K, committed 88896K, reserved 1179648K
  class space    used 8727K, committed 9600K, reserved 1048576K
}
Event: 500.551 GC heap before
{Heap before GC invocations=2285 (full 5):
 PSYoungGen      total 9216K, used 8692K [0x00000000d5580000, 0x00000000d6080000, 0x0000000100000000)
  eden space 7168K, 100% used [0x00000000d5580000,0x00000000d5c80000,0x00000000d5c80000)
  from space 2048K, 74% used [0x00000000d5c80000,0x00000000d5dfd200,0x00000000d5e80000)
  to   space 2048K, 0% used [0x00000000d5e80000,0x00000000d5e80000,0x00000000d6080000)
 ParOldGen       total 1117184K, used 1116855K [0x0000000080000000, 0x00000000c4300000, 0x00000000d5580000)
  object space 1117184K, 99% used [0x0000000080000000,0x00000000c42ade30,0x00000000c4300000)
 Metaspace       used 87031K, committed 88896K, reserved 1179648K
  class space    used 8727K, committed 9600K, reserved 1048576K
}
Event: 500.563 GC heap after
{Heap after GC invocations=2285 (full 5):
 PSYoungGen      total 9728K, used 1280K [0x00000000d5580000, 0x00000000d6100000, 0x0000000100000000)
  eden space 7680K, 0% used [0x00000000d5580000,0x00000000d5580000,0x00000000d5d00000)
  from space 2048K, 62% used [0x00000000d5e80000,0x00000000d5fc0000,0x00000000d6080000)
  to   space 1536K, 0% used [0x00000000d5d00000,0x00000000d5d00000,0x00000000d5e80000)
 ParOldGen       total 1118208K, used 1118184K [0x0000000080000000, 0x00000000c4400000, 0x00000000d5580000)
  object space 1118208K, 99% used [0x0000000080000000,0x00000000c43fa198,0x00000000c4400000)
 Metaspace       used 87031K, committed 88896K, reserved 1179648K
  class space    used 8727K, committed 9600K, reserved 1048576K
}

